0 info it worked if it ends with ok
1 verbose cli [ '/usr/local/bin/node', '/usr/local/bin/npm', 'install', 'qs' ]
2 info using npm@1.4.28
3 info using node@v0.10.35
4 warn package.json yelp-express@1.0.0 No repository field.
5 verbose readDependencies using package.json deps
6 verbose cache add [ 'qs', null ]
7 verbose cache add name=undefined spec="qs" args=["qs",null]
8 verbose parsed url { protocol: null,
8 verbose parsed url   slashes: null,
8 verbose parsed url   auth: null,
8 verbose parsed url   host: null,
8 verbose parsed url   port: null,
8 verbose parsed url   hostname: null,
8 verbose parsed url   hash: null,
8 verbose parsed url   search: null,
8 verbose parsed url   query: null,
8 verbose parsed url   pathname: 'qs',
8 verbose parsed url   path: 'qs',
8 verbose parsed url   href: 'qs' }
9 silly lockFile 1100a5d5-qs qs
10 verbose lock qs /home/jake/.npm/1100a5d5-qs.lock
11 silly lockFile 1100a5d5-qs qs
12 silly lockFile 1100a5d5-qs qs
13 verbose addNamed [ 'qs', '' ]
14 verbose addNamed [ null, '*' ]
15 silly lockFile f9733979-qs qs@
16 verbose lock qs@ /home/jake/.npm/f9733979-qs.lock
17 silly addNameRange { name: 'qs', range: '*', hasData: false }
18 verbose request where is /qs
19 verbose request registry https://registry.npmjs.org/
20 verbose request id d20bbb63d547adbe
21 verbose url raw /qs
22 verbose url resolving [ 'https://registry.npmjs.org/', './qs' ]
23 verbose url resolved https://registry.npmjs.org/qs
24 verbose request where is https://registry.npmjs.org/qs
25 info trying registry request attempt 1 at 13:57:48
26 verbose etag "2WI0DNYVT6Z8XI7WF4IXFEHZ6"
27 http GET https://registry.npmjs.org/qs
28 http 200 https://registry.npmjs.org/qs
29 silly registry.get cb [ 200,
29 silly registry.get   { date: 'Sun, 22 Mar 2015 19:57:50 GMT',
29 silly registry.get     server: 'CouchDB/1.5.0 (Erlang OTP/R16B03)',
29 silly registry.get     etag: '"BQ7Z620Y133X38HBO8OVC3NQE"',
29 silly registry.get     'content-type': 'application/json',
29 silly registry.get     'cache-control': 'max-age=60',
29 silly registry.get     'content-length': '50252',
29 silly registry.get     'accept-ranges': 'bytes',
29 silly registry.get     via: '1.1 varnish',
29 silly registry.get     age: '46',
29 silly registry.get     'x-served-by': 'cache-ord1720-ORD',
29 silly registry.get     'x-cache': 'HIT',
29 silly registry.get     'x-cache-hits': '2',
29 silly registry.get     'x-timer': 'S1427054270.390191,VS0,VE0',
29 silly registry.get     vary: 'Accept',
29 silly registry.get     'keep-alive': 'timeout=10, max=50',
29 silly registry.get     connection: 'Keep-Alive' } ]
30 silly addNameRange number 2 { name: 'qs', range: '*', hasData: true }
31 silly addNameRange versions [ 'qs',
31 silly addNameRange   [ '0.0.1',
31 silly addNameRange     '0.0.2',
31 silly addNameRange     '0.0.3',
31 silly addNameRange     '0.0.4',
31 silly addNameRange     '0.0.5',
31 silly addNameRange     '0.0.6',
31 silly addNameRange     '0.0.7',
31 silly addNameRange     '0.1.0',
31 silly addNameRange     '0.2.0',
31 silly addNameRange     '0.3.0',
31 silly addNameRange     '0.3.1',
31 silly addNameRange     '0.3.2',
31 silly addNameRange     '0.4.0',
31 silly addNameRange     '0.4.1',
31 silly addNameRange     '0.4.2',
31 silly addNameRange     '0.5.0',
31 silly addNameRange     '0.5.1',
31 silly addNameRange     '0.5.2',
31 silly addNameRange     '0.5.3',
31 silly addNameRange     '0.5.4',
31 silly addNameRange     '0.5.5',
31 silly addNameRange     '0.5.6',
31 silly addNameRange     '0.6.0',
31 silly addNameRange     '0.6.1',
31 silly addNameRange     '0.6.2',
31 silly addNameRange     '0.6.3',
31 silly addNameRange     '0.6.4',
31 silly addNameRange     '0.6.5',
31 silly addNameRange     '0.6.6',
31 silly addNameRange     '1.0.0',
31 silly addNameRange     '1.0.1',
31 silly addNameRange     '1.0.2',
31 silly addNameRange     '1.1.0',
31 silly addNameRange     '1.2.0',
31 silly addNameRange     '1.2.1',
31 silly addNameRange     '1.2.2',
31 silly addNameRange     '2.0.0',
31 silly addNameRange     '2.1.0',
31 silly addNameRange     '2.2.0',
31 silly addNameRange     '2.2.1',
31 silly addNameRange     '2.2.2',
31 silly addNameRange     '2.2.3',
31 silly addNameRange     '2.2.4',
31 silly addNameRange     '2.2.5',
31 silly addNameRange     '2.3.0',
31 silly addNameRange     '2.3.1',
31 silly addNameRange     '2.3.2',
31 silly addNameRange     '2.3.3',
31 silly addNameRange     '2.4.0',
31 silly addNameRange     '2.4.1' ] ]
32 verbose addNamed [ 'qs', '2.4.1' ]
33 verbose addNamed [ '2.4.1', '2.4.1' ]
34 silly lockFile 7522a7fe-qs-2-4-1 qs@2.4.1
35 verbose lock qs@2.4.1 /home/jake/.npm/7522a7fe-qs-2-4-1.lock
36 silly lockFile 2b45340c-gistry-npmjs-org-qs-qs-2-4-1-tgz https://registry.npmjs.org/qs/-/qs-2.4.1.tgz
37 verbose lock https://registry.npmjs.org/qs/-/qs-2.4.1.tgz /home/jake/.npm/2b45340c-gistry-npmjs-org-qs-qs-2-4-1-tgz.lock
38 verbose addRemoteTarball [ 'https://registry.npmjs.org/qs/-/qs-2.4.1.tgz',
38 verbose addRemoteTarball   '68cbaea971013426a80c1404fad6b1a6b1175245' ]
39 info retry fetch attempt 1 at 13:57:50
40 verbose fetch to= /tmp/npm-15285-aDwIFHGH/registry.npmjs.org/qs/-/qs-2.4.1.tgz
41 http GET https://registry.npmjs.org/qs/-/qs-2.4.1.tgz
42 http 200 https://registry.npmjs.org/qs/-/qs-2.4.1.tgz
43 silly lockFile 2b45340c-gistry-npmjs-org-qs-qs-2-4-1-tgz https://registry.npmjs.org/qs/-/qs-2.4.1.tgz
44 silly lockFile 2b45340c-gistry-npmjs-org-qs-qs-2-4-1-tgz https://registry.npmjs.org/qs/-/qs-2.4.1.tgz
45 silly lockFile 7522a7fe-qs-2-4-1 qs@2.4.1
46 silly lockFile 7522a7fe-qs-2-4-1 qs@2.4.1
47 silly lockFile f9733979-qs qs@
48 silly lockFile f9733979-qs qs@
49 error Error: EACCES, mkdir '/home/jake/.npm/qs/2.4.1'
49 error  { [Error: EACCES, mkdir '/home/jake/.npm/qs/2.4.1']
49 error   errno: 3,
49 error   code: 'EACCES',
49 error   path: '/home/jake/.npm/qs/2.4.1',
49 error   parent: 'yelp-express' }
50 error Please try running this command again as root/Administrator.
51 error System Linux 3.16.0-31-generic
52 error command "/usr/local/bin/node" "/usr/local/bin/npm" "install" "qs"
53 error cwd /home/jake/Documents/UCDD2/cyberbullying
54 error node -v v0.10.35
55 error npm -v 1.4.28
56 error path /home/jake/.npm/qs/2.4.1
57 error code EACCES
58 error errno 3
59 error stack Error: EACCES, mkdir '/home/jake/.npm/qs/2.4.1'
60 verbose exit [ 3, true ]
